<?xml version="1.0" encoding="UTF-8"?>
<testsuite name="Tests" tests="1" skipped="0" failures="0" errors="0" timestamp="2017-06-29T04:17:08" hostname="BrunoPessoa" time="0.172">
  <properties/>
  <testcase name="testEntries" classname="Tests" time="0.172"/>
  <system-out><![CDATA[]]></system-out>
  <system-err><![CDATA[]]></system-err>
</testsuite>
